<?xml version="1.0" encoding="UTF-8"?>
<!-- Generated by org.testng.reporters.JUnitReportReporter -->
<testsuite skipped="0" hostname="bantam-PC" name="headles.cucumber.project.headles.cucumber.project.HeadlessTest" tests="1" failures="0" timestamp="17 May 2018 20:27:38 GMT" time="4.322" errors="0">
  <testcase name="test" time="4.322" classname="headles.cucumber.project.headles.cucumber.project.HeadlessTest"/>
</testsuite> <!-- headles.cucumber.project.headles.cucumber.project.HeadlessTest -->
